<?xml version="1.0" encoding="UTF-8"?>
<testsuite xmlns:xsi="http://www.w3.org/2001/XMLSchema-instance" xsi:noNamespaceSchemaLocation="https://maven.apache.org/surefire/maven-surefire-plugin/xsd/surefire-test-report.xsd" name="be.ctnr.mongodeneme.MongodenemeApplicationTests" time="3.14" tests="1" errors="0" skipped="0" failures="0">
  <properties>
    <property name="java.specification.version" value="17"/>
    <property name="sun.jnu.encoding" value="UTF-8"/>
    <property name="java.class.path" value="/Users/sevki/Downloads/mongodeneme/target/test-classes:/Users/sevki/Downloads/mongodeneme/target/classes:/Users/sevki/.m2/repository/org/springframework/boot/spring-boot-starter-data-mongodb/2.5.3/spring-boot-starter-data-mongodb-2.5.3.jar:/Users/sevki/.m2/repository/org/springframework/boot/spring-boot-starter/2.5.3/spring-boot-starter-2.5.3.jar:/Users/sevki/.m2/repository/org/springframework/boot/spring-boot-starter-logging/2.5.3/spring-boot-starter-logging-2.5.3.jar:/Users/sevki/.m2/repository/ch/qos/logback/logback-classic/1.2.4/logback-classic-1.2.4.jar:/Users/sevki/.m2/repository/ch/qos/logback/logback-core/1.2.4/logback-core-1.2.4.jar:/Users/sevki/.m2/repository/org/apache/logging/log4j/log4j-to-slf4j/2.14.1/log4j-to-slf4j-2.14.1.jar:/Users/sevki/.m2/repository/org/apache/logging/log4j/log4j-api/2.14.1/log4j-api-2.14.1.jar:/Users/sevki/.m2/repository/org/slf4j/jul-to-slf4j/1.7.32/jul-to-slf4j-1.7.32.jar:/Users/sevki/.m2/repository/jakarta/annotation/jakarta.annotation-api/1.3.5/jakarta.annotation-api-1.3.5.jar:/Users/sevki/.m2/repository/org/yaml/snakeyaml/1.28/snakeyaml-1.28.jar:/Users/sevki/.m2/repository/org/mongodb/mongodb-driver-sync/4.2.3/mongodb-driver-sync-4.2.3.jar:/Users/sevki/.m2/repository/org/mongodb/bson/4.2.3/bson-4.2.3.jar:/Users/sevki/.m2/repository/org/mongodb/mongodb-driver-core/4.2.3/mongodb-driver-core-4.2.3.jar:/Users/sevki/.m2/repository/org/springframework/data/spring-data-mongodb/3.2.3/spring-data-mongodb-3.2.3.jar:/Users/sevki/.m2/repository/org/springframework/spring-tx/5.3.9/spring-tx-5.3.9.jar:/Users/sevki/.m2/repository/org/springframework/spring-context/5.3.9/spring-context-5.3.9.jar:/Users/sevki/.m2/repository/org/springframework/spring-beans/5.3.9/spring-beans-5.3.9.jar:/Users/sevki/.m2/repository/org/springframework/spring-expression/5.3.9/spring-expression-5.3.9.jar:/Users/sevki/.m2/repository/org/springframework/data/spring-data-commons/2.5.3/spring-data-commons-2.5.3.jar:/Users/sevki/.m2/repository/org/slf4j/slf4j-api/1.7.32/slf4j-api-1.7.32.jar:/Users/sevki/.m2/repository/org/springframework/boot/spring-boot-starter-web/2.5.3/spring-boot-starter-web-2.5.3.jar:/Users/sevki/.m2/repository/org/springframework/boot/spring-boot-starter-json/2.5.3/spring-boot-starter-json-2.5.3.jar:/Users/sevki/.m2/repository/com/fasterxml/jackson/datatype/jackson-datatype-jdk8/2.12.4/jackson-datatype-jdk8-2.12.4.jar:/Users/sevki/.m2/repository/com/fasterxml/jackson/datatype/jackson-datatype-jsr310/2.12.4/jackson-datatype-jsr310-2.12.4.jar:/Users/sevki/.m2/repository/com/fasterxml/jackson/module/jackson-module-parameter-names/2.12.4/jackson-module-parameter-names-2.12.4.jar:/Users/sevki/.m2/repository/org/springframework/boot/spring-boot-starter-tomcat/2.5.3/spring-boot-starter-tomcat-2.5.3.jar:/Users/sevki/.m2/repository/org/apache/tomcat/embed/tomcat-embed-core/9.0.50/tomcat-embed-core-9.0.50.jar:/Users/sevki/.m2/repository/org/apache/tomcat/embed/tomcat-embed-el/9.0.50/tomcat-embed-el-9.0.50.jar:/Users/sevki/.m2/repository/org/apache/tomcat/embed/tomcat-embed-websocket/9.0.50/tomcat-embed-websocket-9.0.50.jar:/Users/sevki/.m2/repository/org/springframework/spring-web/5.3.9/spring-web-5.3.9.jar:/Users/sevki/.m2/repository/org/springframework/spring-webmvc/5.3.9/spring-webmvc-5.3.9.jar:/Users/sevki/.m2/repository/org/springframework/spring-aop/5.3.9/spring-aop-5.3.9.jar:/Users/sevki/.m2/repository/com/fasterxml/jackson/module/jackson-module-kotlin/2.12.4/jackson-module-kotlin-2.12.4.jar:/Users/sevki/.m2/repository/com/fasterxml/jackson/core/jackson-databind/2.12.4/jackson-databind-2.12.4.jar:/Users/sevki/.m2/repository/com/fasterxml/jackson/core/jackson-core/2.12.4/jackson-core-2.12.4.jar:/Users/sevki/.m2/repository/com/fasterxml/jackson/core/jackson-annotations/2.12.4/jackson-annotations-2.12.4.jar:/Users/sevki/.m2/repository/org/jetbrains/kotlin/kotlin-reflect/1.5.21/kotlin-reflect-1.5.21.jar:/Users/sevki/.m2/repository/org/jetbrains/kotlin/kotlin-stdlib/1.5.21/kotlin-stdlib-1.5.21.jar:/Users/sevki/.m2/repository/org/jetbrains/annotations/13.0/annotations-13.0.jar:/Users/sevki/.m2/repository/org/jetbrains/kotlin/kotlin-stdlib-common/1.5.21/kotlin-stdlib-common-1.5.21.jar:/Users/sevki/.m2/repository/org/jetbrains/kotlin/kotlin-stdlib-jdk8/1.5.21/kotlin-stdlib-jdk8-1.5.21.jar:/Users/sevki/.m2/repository/org/jetbrains/kotlin/kotlin-stdlib-jdk7/1.5.21/kotlin-stdlib-jdk7-1.5.21.jar:/Users/sevki/.m2/repository/com/google/code/gson/gson/2.8.5/gson-2.8.5.jar:/Users/sevki/.m2/repository/org/springframework/boot/spring-boot-starter-test/2.5.3/spring-boot-starter-test-2.5.3.jar:/Users/sevki/.m2/repository/org/springframework/boot/spring-boot-test/2.5.3/spring-boot-test-2.5.3.jar:/Users/sevki/.m2/repository/org/springframework/boot/spring-boot-test-autoconfigure/2.5.3/spring-boot-test-autoconfigure-2.5.3.jar:/Users/sevki/.m2/repository/com/jayway/jsonpath/json-path/2.5.0/json-path-2.5.0.jar:/Users/sevki/.m2/repository/net/minidev/json-smart/2.4.7/json-smart-2.4.7.jar:/Users/sevki/.m2/repository/net/minidev/accessors-smart/2.4.7/accessors-smart-2.4.7.jar:/Users/sevki/.m2/repository/org/ow2/asm/asm/9.1/asm-9.1.jar:/Users/sevki/.m2/repository/jakarta/xml/bind/jakarta.xml.bind-api/2.3.3/jakarta.xml.bind-api-2.3.3.jar:/Users/sevki/.m2/repository/jakarta/activation/jakarta.activation-api/1.2.2/jakarta.activation-api-1.2.2.jar:/Users/sevki/.m2/repository/org/assertj/assertj-core/3.19.0/assertj-core-3.19.0.jar:/Users/sevki/.m2/repository/org/hamcrest/hamcrest/2.2/hamcrest-2.2.jar:/Users/sevki/.m2/repository/org/junit/jupiter/junit-jupiter/5.7.2/junit-jupiter-5.7.2.jar:/Users/sevki/.m2/repository/org/junit/jupiter/junit-jupiter-api/5.7.2/junit-jupiter-api-5.7.2.jar:/Users/sevki/.m2/repository/org/apiguardian/apiguardian-api/1.1.0/apiguardian-api-1.1.0.jar:/Users/sevki/.m2/repository/org/opentest4j/opentest4j/1.2.0/opentest4j-1.2.0.jar:/Users/sevki/.m2/repository/org/junit/platform/junit-platform-commons/1.7.2/junit-platform-commons-1.7.2.jar:/Users/sevki/.m2/repository/org/junit/jupiter/junit-jupiter-params/5.7.2/junit-jupiter-params-5.7.2.jar:/Users/sevki/.m2/repository/org/junit/jupiter/junit-jupiter-engine/5.7.2/junit-jupiter-engine-5.7.2.jar:/Users/sevki/.m2/repository/org/junit/platform/junit-platform-engine/1.7.2/junit-platform-engine-1.7.2.jar:/Users/sevki/.m2/repository/org/mockito/mockito-core/3.9.0/mockito-core-3.9.0.jar:/Users/sevki/.m2/repository/net/bytebuddy/byte-buddy/1.10.22/byte-buddy-1.10.22.jar:/Users/sevki/.m2/repository/net/bytebuddy/byte-buddy-agent/1.10.22/byte-buddy-agent-1.10.22.jar:/Users/sevki/.m2/repository/org/mockito/mockito-junit-jupiter/3.9.0/mockito-junit-jupiter-3.9.0.jar:/Users/sevki/.m2/repository/org/skyscreamer/jsonassert/1.5.0/jsonassert-1.5.0.jar:/Users/sevki/.m2/repository/com/vaadin/external/google/android-json/0.0.20131108.vaadin1/android-json-0.0.20131108.vaadin1.jar:/Users/sevki/.m2/repository/org/springframework/spring-core/5.3.9/spring-core-5.3.9.jar:/Users/sevki/.m2/repository/org/springframework/spring-jcl/5.3.9/spring-jcl-5.3.9.jar:/Users/sevki/.m2/repository/org/springframework/spring-test/5.3.9/spring-test-5.3.9.jar:/Users/sevki/.m2/repository/org/xmlunit/xmlunit-core/2.8.2/xmlunit-core-2.8.2.jar:/Users/sevki/.m2/repository/org/awaitility/awaitility/3.1.2/awaitility-3.1.2.jar:/Users/sevki/.m2/repository/org/hamcrest/hamcrest-library/2.2/hamcrest-library-2.2.jar:/Users/sevki/.m2/repository/org/hamcrest/hamcrest-core/2.2/hamcrest-core-2.2.jar:/Users/sevki/.m2/repository/org/objenesis/objenesis/2.6/objenesis-2.6.jar:/Users/sevki/.m2/repository/org/springframework/boot/spring-boot-maven-plugin/2.5.3/spring-boot-maven-plugin-2.5.3.jar:/Users/sevki/.m2/repository/org/springframework/boot/spring-boot-buildpack-platform/2.5.3/spring-boot-buildpack-platform-2.5.3.jar:/Users/sevki/.m2/repository/net/java/dev/jna/jna-platform/5.7.0/jna-platform-5.7.0.jar:/Users/sevki/.m2/repository/net/java/dev/jna/jna/5.7.0/jna-5.7.0.jar:/Users/sevki/.m2/repository/org/apache/commons/commons-compress/1.20/commons-compress-1.20.jar:/Users/sevki/.m2/repository/org/apache/httpcomponents/httpclient/4.5.13/httpclient-4.5.13.jar:/Users/sevki/.m2/repository/org/apache/httpcomponents/httpcore/4.4.14/httpcore-4.4.14.jar:/Users/sevki/.m2/repository/commons-codec/commons-codec/1.15/commons-codec-1.15.jar:/Users/sevki/.m2/repository/org/tomlj/tomlj/1.0.0/tomlj-1.0.0.jar:/Users/sevki/.m2/repository/org/antlr/antlr4-runtime/4.7.2/antlr4-runtime-4.7.2.jar:/Users/sevki/.m2/repository/com/google/code/findbugs/jsr305/3.0.2/jsr305-3.0.2.jar:/Users/sevki/.m2/repository/org/springframework/boot/spring-boot-loader-tools/2.5.3/spring-boot-loader-tools-2.5.3.jar:/Users/sevki/.m2/repository/org/apache/maven/shared/maven-common-artifact-filters/3.2.0/maven-common-artifact-filters-3.2.0.jar:/Users/sevki/.m2/repository/org/apache/maven/maven-artifact/3.1.1/maven-artifact-3.1.1.jar:/Users/sevki/.m2/repository/org/apache/maven/maven-model/3.1.1/maven-model-3.1.1.jar:/Users/sevki/.m2/repository/org/apache/maven/maven-core/3.1.1/maven-core-3.1.1.jar:/Users/sevki/.m2/repository/org/apache/maven/maven-settings/3.1.1/maven-settings-3.1.1.jar:/Users/sevki/.m2/repository/org/apache/maven/maven-settings-builder/3.1.1/maven-settings-builder-3.1.1.jar:/Users/sevki/.m2/repository/org/apache/maven/maven-repository-metadata/3.1.1/maven-repository-metadata-3.1.1.jar:/Users/sevki/.m2/repository/org/apache/maven/maven-model-builder/3.1.1/maven-model-builder-3.1.1.jar:/Users/sevki/.m2/repository/org/apache/maven/maven-aether-provider/3.1.1/maven-aether-provider-3.1.1.jar:/Users/sevki/.m2/repository/org/eclipse/aether/aether-spi/0.9.0.M2/aether-spi-0.9.0.M2.jar:/Users/sevki/.m2/repository/org/eclipse/aether/aether-impl/0.9.0.M2/aether-impl-0.9.0.M2.jar:/Users/sevki/.m2/repository/org/codehaus/plexus/plexus-interpolation/1.19/plexus-interpolation-1.19.jar:/Users/sevki/.m2/repository/org/codehaus/plexus/plexus-component-annotations/1.5.5/plexus-component-annotations-1.5.5.jar:/Users/sevki/.m2/repository/org/sonatype/plexus/plexus-sec-dispatcher/1.3/plexus-sec-dispatcher-1.3.jar:/Users/sevki/.m2/repository/org/sonatype/plexus/plexus-cipher/1.4/plexus-cipher-1.4.jar:/Users/sevki/.m2/repository/commons-io/commons-io/2.6/commons-io-2.6.jar:/Users/sevki/.m2/repository/org/eclipse/aether/aether-api/0.9.0.M2/aether-api-0.9.0.M2.jar:/Users/sevki/.m2/repository/org/eclipse/aether/aether-util/0.9.0.M2/aether-util-0.9.0.M2.jar:/Users/sevki/.m2/repository/org/eclipse/sisu/org.eclipse.sisu.plexus/0.0.0.M5/org.eclipse.sisu.plexus-0.0.0.M5.jar:/Users/sevki/.m2/repository/javax/enterprise/cdi-api/1.0/cdi-api-1.0.jar:/Users/sevki/.m2/repository/javax/annotation/jsr250-api/1.0/jsr250-api-1.0.jar:/Users/sevki/.m2/repository/javax/inject/javax.inject/1/javax.inject-1.jar:/Users/sevki/.m2/repository/com/google/guava/guava/10.0.1/guava-10.0.1.jar:/Users/sevki/.m2/repository/org/sonatype/sisu/sisu-guice/3.1.0/sisu-guice-3.1.0-no_aop.jar:/Users/sevki/.m2/repository/aopalliance/aopalliance/1.0/aopalliance-1.0.jar:/Users/sevki/.m2/repository/org/eclipse/sisu/org.eclipse.sisu.inject/0.0.0.M5/org.eclipse.sisu.inject-0.0.0.M5.jar:/Users/sevki/.m2/repository/org/apache/maven/shared/maven-shared-utils/3.3.3/maven-shared-utils-3.3.3.jar:/Users/sevki/.m2/repository/org/apache/maven/maven-plugin-api/3.6.3/maven-plugin-api-3.6.3.jar:/Users/sevki/.m2/repository/org/codehaus/plexus/plexus-utils/3.2.1/plexus-utils-3.2.1.jar:/Users/sevki/.m2/repository/org/codehaus/plexus/plexus-classworlds/2.6.0/plexus-classworlds-2.6.0.jar:/Users/sevki/.m2/repository/org/sonatype/plexus/plexus-build-api/0.0.7/plexus-build-api-0.0.7.jar:/Users/sevki/.m2/repository/org/springframework/boot/spring-boot-autoconfigure/2.5.3/spring-boot-autoconfigure-2.5.3.jar:/Users/sevki/.m2/repository/org/springframework/boot/spring-boot/2.5.3/spring-boot-2.5.3.jar:"/>
    <property name="java.vm.vendor" value="Homebrew"/>
    <property name="sun.arch.data.model" value="64"/>
    <property name="java.vendor.url" value="https://github.com/Homebrew/homebrew-core/issues"/>
    <property name="os.name" value="Mac OS X"/>
    <property name="java.vm.specification.version" value="17"/>
    <property name="sun.java.launcher" value="SUN_STANDARD"/>
    <property name="user.country" value="NL"/>
    <property name="sun.boot.library.path" value="/usr/local/Cellar/openjdk/17.0.1_1/libexec/openjdk.jdk/Contents/Home/lib"/>
    <property name="sun.java.command" value="/Users/sevki/Downloads/mongodeneme/target/surefire/surefirebooter10906475492539231840.jar /Users/sevki/Downloads/mongodeneme/target/surefire 2022-02-21T14-02-27_660-jvmRun1 surefire16393554588914122673tmp surefire_04905295238132221294tmp"/>
    <property name="http.nonProxyHosts" value="local|*.local|169.254/16|*.169.254/16"/>
    <property name="jdk.debug" value="release"/>
    <property name="surefire.test.class.path" value="/Users/sevki/Downloads/mongodeneme/target/test-classes:/Users/sevki/Downloads/mongodeneme/target/classes:/Users/sevki/.m2/repository/org/springframework/boot/spring-boot-starter-data-mongodb/2.5.3/spring-boot-starter-data-mongodb-2.5.3.jar:/Users/sevki/.m2/repository/org/springframework/boot/spring-boot-starter/2.5.3/spring-boot-starter-2.5.3.jar:/Users/sevki/.m2/repository/org/springframework/boot/spring-boot-starter-logging/2.5.3/spring-boot-starter-logging-2.5.3.jar:/Users/sevki/.m2/repository/ch/qos/logback/logback-classic/1.2.4/logback-classic-1.2.4.jar:/Users/sevki/.m2/repository/ch/qos/logback/logback-core/1.2.4/logback-core-1.2.4.jar:/Users/sevki/.m2/repository/org/apache/logging/log4j/log4j-to-slf4j/2.14.1/log4j-to-slf4j-2.14.1.jar:/Users/sevki/.m2/repository/org/apache/logging/log4j/log4j-api/2.14.1/log4j-api-2.14.1.jar:/Users/sevki/.m2/repository/org/slf4j/jul-to-slf4j/1.7.32/jul-to-slf4j-1.7.32.jar:/Users/sevki/.m2/repository/jakarta/annotation/jakarta.annotation-api/1.3.5/jakarta.annotation-api-1.3.5.jar:/Users/sevki/.m2/repository/org/yaml/snakeyaml/1.28/snakeyaml-1.28.jar:/Users/sevki/.m2/repository/org/mongodb/mongodb-driver-sync/4.2.3/mongodb-driver-sync-4.2.3.jar:/Users/sevki/.m2/repository/org/mongodb/bson/4.2.3/bson-4.2.3.jar:/Users/sevki/.m2/repository/org/mongodb/mongodb-driver-core/4.2.3/mongodb-driver-core-4.2.3.jar:/Users/sevki/.m2/repository/org/springframework/data/spring-data-mongodb/3.2.3/spring-data-mongodb-3.2.3.jar:/Users/sevki/.m2/repository/org/springframework/spring-tx/5.3.9/spring-tx-5.3.9.jar:/Users/sevki/.m2/repository/org/springframework/spring-context/5.3.9/spring-context-5.3.9.jar:/Users/sevki/.m2/repository/org/springframework/spring-beans/5.3.9/spring-beans-5.3.9.jar:/Users/sevki/.m2/repository/org/springframework/spring-expression/5.3.9/spring-expression-5.3.9.jar:/Users/sevki/.m2/repository/org/springframework/data/spring-data-commons/2.5.3/spring-data-commons-2.5.3.jar:/Users/sevki/.m2/repository/org/slf4j/slf4j-api/1.7.32/slf4j-api-1.7.32.jar:/Users/sevki/.m2/repository/org/springframework/boot/spring-boot-starter-web/2.5.3/spring-boot-starter-web-2.5.3.jar:/Users/sevki/.m2/repository/org/springframework/boot/spring-boot-starter-json/2.5.3/spring-boot-starter-json-2.5.3.jar:/Users/sevki/.m2/repository/com/fasterxml/jackson/datatype/jackson-datatype-jdk8/2.12.4/jackson-datatype-jdk8-2.12.4.jar:/Users/sevki/.m2/repository/com/fasterxml/jackson/datatype/jackson-datatype-jsr310/2.12.4/jackson-datatype-jsr310-2.12.4.jar:/Users/sevki/.m2/repository/com/fasterxml/jackson/module/jackson-module-parameter-names/2.12.4/jackson-module-parameter-names-2.12.4.jar:/Users/sevki/.m2/repository/org/springframework/boot/spring-boot-starter-tomcat/2.5.3/spring-boot-starter-tomcat-2.5.3.jar:/Users/sevki/.m2/repository/org/apache/tomcat/embed/tomcat-embed-core/9.0.50/tomcat-embed-core-9.0.50.jar:/Users/sevki/.m2/repository/org/apache/tomcat/embed/tomcat-embed-el/9.0.50/tomcat-embed-el-9.0.50.jar:/Users/sevki/.m2/repository/org/apache/tomcat/embed/tomcat-embed-websocket/9.0.50/tomcat-embed-websocket-9.0.50.jar:/Users/sevki/.m2/repository/org/springframework/spring-web/5.3.9/spring-web-5.3.9.jar:/Users/sevki/.m2/repository/org/springframework/spring-webmvc/5.3.9/spring-webmvc-5.3.9.jar:/Users/sevki/.m2/repository/org/springframework/spring-aop/5.3.9/spring-aop-5.3.9.jar:/Users/sevki/.m2/repository/com/fasterxml/jackson/module/jackson-module-kotlin/2.12.4/jackson-module-kotlin-2.12.4.jar:/Users/sevki/.m2/repository/com/fasterxml/jackson/core/jackson-databind/2.12.4/jackson-databind-2.12.4.jar:/Users/sevki/.m2/repository/com/fasterxml/jackson/core/jackson-core/2.12.4/jackson-core-2.12.4.jar:/Users/sevki/.m2/repository/com/fasterxml/jackson/core/jackson-annotations/2.12.4/jackson-annotations-2.12.4.jar:/Users/sevki/.m2/repository/org/jetbrains/kotlin/kotlin-reflect/1.5.21/kotlin-reflect-1.5.21.jar:/Users/sevki/.m2/repository/org/jetbrains/kotlin/kotlin-stdlib/1.5.21/kotlin-stdlib-1.5.21.jar:/Users/sevki/.m2/repository/org/jetbrains/annotations/13.0/annotations-13.0.jar:/Users/sevki/.m2/repository/org/jetbrains/kotlin/kotlin-stdlib-common/1.5.21/kotlin-stdlib-common-1.5.21.jar:/Users/sevki/.m2/repository/org/jetbrains/kotlin/kotlin-stdlib-jdk8/1.5.21/kotlin-stdlib-jdk8-1.5.21.jar:/Users/sevki/.m2/repository/org/jetbrains/kotlin/kotlin-stdlib-jdk7/1.5.21/kotlin-stdlib-jdk7-1.5.21.jar:/Users/sevki/.m2/repository/com/google/code/gson/gson/2.8.5/gson-2.8.5.jar:/Users/sevki/.m2/repository/org/springframework/boot/spring-boot-starter-test/2.5.3/spring-boot-starter-test-2.5.3.jar:/Users/sevki/.m2/repository/org/springframework/boot/spring-boot-test/2.5.3/spring-boot-test-2.5.3.jar:/Users/sevki/.m2/repository/org/springframework/boot/spring-boot-test-autoconfigure/2.5.3/spring-boot-test-autoconfigure-2.5.3.jar:/Users/sevki/.m2/repository/com/jayway/jsonpath/json-path/2.5.0/json-path-2.5.0.jar:/Users/sevki/.m2/repository/net/minidev/json-smart/2.4.7/json-smart-2.4.7.jar:/Users/sevki/.m2/repository/net/minidev/accessors-smart/2.4.7/accessors-smart-2.4.7.jar:/Users/sevki/.m2/repository/org/ow2/asm/asm/9.1/asm-9.1.jar:/Users/sevki/.m2/repository/jakarta/xml/bind/jakarta.xml.bind-api/2.3.3/jakarta.xml.bind-api-2.3.3.jar:/Users/sevki/.m2/repository/jakarta/activation/jakarta.activation-api/1.2.2/jakarta.activation-api-1.2.2.jar:/Users/sevki/.m2/repository/org/assertj/assertj-core/3.19.0/assertj-core-3.19.0.jar:/Users/sevki/.m2/repository/org/hamcrest/hamcrest/2.2/hamcrest-2.2.jar:/Users/sevki/.m2/repository/org/junit/jupiter/junit-jupiter/5.7.2/junit-jupiter-5.7.2.jar:/Users/sevki/.m2/repository/org/junit/jupiter/junit-jupiter-api/5.7.2/junit-jupiter-api-5.7.2.jar:/Users/sevki/.m2/repository/org/apiguardian/apiguardian-api/1.1.0/apiguardian-api-1.1.0.jar:/Users/sevki/.m2/repository/org/opentest4j/opentest4j/1.2.0/opentest4j-1.2.0.jar:/Users/sevki/.m2/repository/org/junit/platform/junit-platform-commons/1.7.2/junit-platform-commons-1.7.2.jar:/Users/sevki/.m2/repository/org/junit/jupiter/junit-jupiter-params/5.7.2/junit-jupiter-params-5.7.2.jar:/Users/sevki/.m2/repository/org/junit/jupiter/junit-jupiter-engine/5.7.2/junit-jupiter-engine-5.7.2.jar:/Users/sevki/.m2/repository/org/junit/platform/junit-platform-engine/1.7.2/junit-platform-engine-1.7.2.jar:/Users/sevki/.m2/repository/org/mockito/mockito-core/3.9.0/mockito-core-3.9.0.jar:/Users/sevki/.m2/repository/net/bytebuddy/byte-buddy/1.10.22/byte-buddy-1.10.22.jar:/Users/sevki/.m2/repository/net/bytebuddy/byte-buddy-agent/1.10.22/byte-buddy-agent-1.10.22.jar:/Users/sevki/.m2/repository/org/mockito/mockito-junit-jupiter/3.9.0/mockito-junit-jupiter-3.9.0.jar:/Users/sevki/.m2/repository/org/skyscreamer/jsonassert/1.5.0/jsonassert-1.5.0.jar:/Users/sevki/.m2/repository/com/vaadin/external/google/android-json/0.0.20131108.vaadin1/android-json-0.0.20131108.vaadin1.jar:/Users/sevki/.m2/repository/org/springframework/spring-core/5.3.9/spring-core-5.3.9.jar:/Users/sevki/.m2/repository/org/springframework/spring-jcl/5.3.9/spring-jcl-5.3.9.jar:/Users/sevki/.m2/repository/org/springframework/spring-test/5.3.9/spring-test-5.3.9.jar:/Users/sevki/.m2/repository/org/xmlunit/xmlunit-core/2.8.2/xmlunit-core-2.8.2.jar:/Users/sevki/.m2/repository/org/awaitility/awaitility/3.1.2/awaitility-3.1.2.jar:/Users/sevki/.m2/repository/org/hamcrest/hamcrest-library/2.2/hamcrest-library-2.2.jar:/Users/sevki/.m2/repository/org/hamcrest/hamcrest-core/2.2/hamcrest-core-2.2.jar:/Users/sevki/.m2/repository/org/objenesis/objenesis/2.6/objenesis-2.6.jar:/Users/sevki/.m2/repository/org/springframework/boot/spring-boot-maven-plugin/2.5.3/spring-boot-maven-plugin-2.5.3.jar:/Users/sevki/.m2/repository/org/springframework/boot/spring-boot-buildpack-platform/2.5.3/spring-boot-buildpack-platform-2.5.3.jar:/Users/sevki/.m2/repository/net/java/dev/jna/jna-platform/5.7.0/jna-platform-5.7.0.jar:/Users/sevki/.m2/repository/net/java/dev/jna/jna/5.7.0/jna-5.7.0.jar:/Users/sevki/.m2/repository/org/apache/commons/commons-compress/1.20/commons-compress-1.20.jar:/Users/sevki/.m2/repository/org/apache/httpcomponents/httpclient/4.5.13/httpclient-4.5.13.jar:/Users/sevki/.m2/repository/org/apache/httpcomponents/httpcore/4.4.14/httpcore-4.4.14.jar:/Users/sevki/.m2/repository/commons-codec/commons-codec/1.15/commons-codec-1.15.jar:/Users/sevki/.m2/repository/org/tomlj/tomlj/1.0.0/tomlj-1.0.0.jar:/Users/sevki/.m2/repository/org/antlr/antlr4-runtime/4.7.2/antlr4-runtime-4.7.2.jar:/Users/sevki/.m2/repository/com/google/code/findbugs/jsr305/3.0.2/jsr305-3.0.2.jar:/Users/sevki/.m2/repository/org/springframework/boot/spring-boot-loader-tools/2.5.3/spring-boot-loader-tools-2.5.3.jar:/Users/sevki/.m2/repository/org/apache/maven/shared/maven-common-artifact-filters/3.2.0/maven-common-artifact-filters-3.2.0.jar:/Users/sevki/.m2/repository/org/apache/maven/maven-artifact/3.1.1/maven-artifact-3.1.1.jar:/Users/sevki/.m2/repository/org/apache/maven/maven-model/3.1.1/maven-model-3.1.1.jar:/Users/sevki/.m2/repository/org/apache/maven/maven-core/3.1.1/maven-core-3.1.1.jar:/Users/sevki/.m2/repository/org/apache/maven/maven-settings/3.1.1/maven-settings-3.1.1.jar:/Users/sevki/.m2/repository/org/apache/maven/maven-settings-builder/3.1.1/maven-settings-builder-3.1.1.jar:/Users/sevki/.m2/repository/org/apache/maven/maven-repository-metadata/3.1.1/maven-repository-metadata-3.1.1.jar:/Users/sevki/.m2/repository/org/apache/maven/maven-model-builder/3.1.1/maven-model-builder-3.1.1.jar:/Users/sevki/.m2/repository/org/apache/maven/maven-aether-provider/3.1.1/maven-aether-provider-3.1.1.jar:/Users/sevki/.m2/repository/org/eclipse/aether/aether-spi/0.9.0.M2/aether-spi-0.9.0.M2.jar:/Users/sevki/.m2/repository/org/eclipse/aether/aether-impl/0.9.0.M2/aether-impl-0.9.0.M2.jar:/Users/sevki/.m2/repository/org/codehaus/plexus/plexus-interpolation/1.19/plexus-interpolation-1.19.jar:/Users/sevki/.m2/repository/org/codehaus/plexus/plexus-component-annotations/1.5.5/plexus-component-annotations-1.5.5.jar:/Users/sevki/.m2/repository/org/sonatype/plexus/plexus-sec-dispatcher/1.3/plexus-sec-dispatcher-1.3.jar:/Users/sevki/.m2/repository/org/sonatype/plexus/plexus-cipher/1.4/plexus-cipher-1.4.jar:/Users/sevki/.m2/repository/commons-io/commons-io/2.6/commons-io-2.6.jar:/Users/sevki/.m2/repository/org/eclipse/aether/aether-api/0.9.0.M2/aether-api-0.9.0.M2.jar:/Users/sevki/.m2/repository/org/eclipse/aether/aether-util/0.9.0.M2/aether-util-0.9.0.M2.jar:/Users/sevki/.m2/repository/org/eclipse/sisu/org.eclipse.sisu.plexus/0.0.0.M5/org.eclipse.sisu.plexus-0.0.0.M5.jar:/Users/sevki/.m2/repository/javax/enterprise/cdi-api/1.0/cdi-api-1.0.jar:/Users/sevki/.m2/repository/javax/annotation/jsr250-api/1.0/jsr250-api-1.0.jar:/Users/sevki/.m2/repository/javax/inject/javax.inject/1/javax.inject-1.jar:/Users/sevki/.m2/repository/com/google/guava/guava/10.0.1/guava-10.0.1.jar:/Users/sevki/.m2/repository/org/sonatype/sisu/sisu-guice/3.1.0/sisu-guice-3.1.0-no_aop.jar:/Users/sevki/.m2/repository/aopalliance/aopalliance/1.0/aopalliance-1.0.jar:/Users/sevki/.m2/repository/org/eclipse/sisu/org.eclipse.sisu.inject/0.0.0.M5/org.eclipse.sisu.inject-0.0.0.M5.jar:/Users/sevki/.m2/repository/org/apache/maven/shared/maven-shared-utils/3.3.3/maven-shared-utils-3.3.3.jar:/Users/sevki/.m2/repository/org/apache/maven/maven-plugin-api/3.6.3/maven-plugin-api-3.6.3.jar:/Users/sevki/.m2/repository/org/codehaus/plexus/plexus-utils/3.2.1/plexus-utils-3.2.1.jar:/Users/sevki/.m2/repository/org/codehaus/plexus/plexus-classworlds/2.6.0/plexus-classworlds-2.6.0.jar:/Users/sevki/.m2/repository/org/sonatype/plexus/plexus-build-api/0.0.7/plexus-build-api-0.0.7.jar:/Users/sevki/.m2/repository/org/springframework/boot/spring-boot-autoconfigure/2.5.3/spring-boot-autoconfigure-2.5.3.jar:/Users/sevki/.m2/repository/org/springframework/boot/spring-boot/2.5.3/spring-boot-2.5.3.jar:"/>
    <property name="sun.cpu.endian" value="little"/>
    <property name="user.home" value="/Users/sevki"/>
    <property name="user.language" value="en"/>
    <property name="java.specification.vendor" value="Oracle Corporation"/>
    <property name="java.version.date" value="2021-10-19"/>
    <property name="java.home" value="/usr/local/Cellar/openjdk/17.0.1_1/libexec/openjdk.jdk/Contents/Home"/>
    <property name="file.separator" value="/"/>
    <property name="basedir" value="/Users/sevki/Downloads/mongodeneme"/>
    <property name="java.vm.compressedOopsMode" value="Zero based"/>
    <property name="line.separator" value="&#10;"/>
    <property name="java.specification.name" value="Java Platform API Specification"/>
    <property name="java.vm.specification.vendor" value="Oracle Corporation"/>
    <property name="surefire.real.class.path" value="/Users/sevki/Downloads/mongodeneme/target/surefire/surefirebooter10906475492539231840.jar"/>
    <property name="sun.management.compiler" value="HotSpot 64-Bit Tiered Compilers"/>
    <property name="ftp.nonProxyHosts" value="local|*.local|169.254/16|*.169.254/16"/>
    <property name="java.runtime.version" value="17.0.1+1"/>
    <property name="user.name" value="sevki"/>
    <property name="path.separator" value=":"/>
    <property name="os.version" value="12.2"/>
    <property name="java.runtime.name" value="OpenJDK Runtime Environment"/>
    <property name="file.encoding" value="US-ASCII"/>
    <property name="java.vm.name" value="OpenJDK 64-Bit Server VM"/>
    <property name="java.vendor.version" value="Homebrew"/>
    <property name="localRepository" value="/Users/sevki/.m2/repository"/>
    <property name="java.vendor.url.bug" value="https://github.com/Homebrew/homebrew-core/issues"/>
    <property name="java.io.tmpdir" value="/var/folders/w0/4j4y3hyd77s4hsj5lfww80_80000gn/T/"/>
    <property name="java.version" value="17.0.1"/>
    <property name="user.dir" value="/Users/sevki/Downloads/mongodeneme"/>
    <property name="os.arch" value="x86_64"/>
    <property name="java.vm.specification.name" value="Java Virtual Machine Specification"/>
    <property name="native.encoding" value="US-ASCII"/>
    <property name="java.library.path" value="/Users/sevki/Library/Java/Extensions:/Library/Java/Extensions:/Network/Library/Java/Extensions:/System/Library/Java/Extensions:/usr/lib/java:."/>
    <property name="java.vm.info" value="mixed mode, sharing"/>
    <property name="java.vendor" value="Homebrew"/>
    <property name="java.vm.version" value="17.0.1+1"/>
    <property name="sun.io.unicode.encoding" value="UnicodeBig"/>
    <property name="socksNonProxyHosts" value="local|*.local|169.254/16|*.169.254/16"/>
    <property name="java.class.version" value="61.0"/>
  </properties>
  <testcase name="contextLoads" classname="be.ctnr.mongodeneme.MongodenemeApplicationTests" time="0.358"/>
</testsuite>